c:\cheat\ac\neverwin\neverwin\debug\vc145.pdb
c:\cheat\ac\neverwin\neverwin\debug\vc145.idb
c:\cheat\ac\neverwin\neverwin\debug\imgui_impl_win32.obj
c:\cheat\ac\neverwin\neverwin\debug\imgui_impl_dx11.obj
c:\cheat\ac\neverwin\neverwin\debug\imgui_widgets.obj
c:\cheat\ac\neverwin\neverwin\debug\imgui_tables.obj
c:\cheat\ac\neverwin\neverwin\debug\imgui_draw.obj
c:\cheat\ac\neverwin\neverwin\debug\imgui_demo.obj
c:\cheat\ac\neverwin\neverwin\debug\imgui.obj
c:\cheat\ac\neverwin\neverwin\debug\image_loader.obj
c:\cheat\ac\neverwin\neverwin\debug\aimbot.obj
c:\cheat\ac\neverwin\neverwin\debug\spinbot.obj
c:\cheat\ac\neverwin\neverwin\debug\overlay.obj
c:\cheat\ac\neverwin\neverwin\debug\esp.obj
c:\cheat\ac\neverwin\neverwin\debug\main.obj
c:\cheat\ac\neverwin\debug\neverwin.exe
c:\cheat\ac\neverwin\debug\neverwin.pdb
c:\cheat\ac\neverwin\neverwin\debug\neverwin.ilk
c:\cheat\ac\neverwin\neverwin\debug\neverwin.tlog\cl.command.1.tlog
c:\cheat\ac\neverwin\neverwin\debug\neverwin.tlog\cl.items.tlog
c:\cheat\ac\neverwin\neverwin\debug\neverwin.tlog\cl.read.1.tlog
c:\cheat\ac\neverwin\neverwin\debug\neverwin.tlog\cl.write.1.tlog
c:\cheat\ac\neverwin\neverwin\debug\neverwin.tlog\link.command.1.tlog
c:\cheat\ac\neverwin\neverwin\debug\neverwin.tlog\link.read.1.tlog
c:\cheat\ac\neverwin\neverwin\debug\neverwin.tlog\link.secondary.1.tlog
c:\cheat\ac\neverwin\neverwin\debug\neverwin.tlog\link.write.1.tlog
